<?xml version="1.0" encoding="UTF-8" ?>
<testsuites>
<testsuite name="long-press-mouse" errors="0" tests="3" failures="0" time="5.75" timestamp="2022-04-22T14:06:02">
  <testcase classname="long-press-mouse" name="should fire long-press event after default 1.5s" time="3.536"></testcase>
  <testcase classname="long-press-mouse" name="should fire long-press event using data-long-press-delay" time="0.392"></testcase>
  <testcase classname="long-press-mouse" name="should fire with correct clientX and clientY" time="1.82"></testcase>
</testsuite>
</testsuites>