<?xml version="1.0" encoding="UTF-8" ?>
<testsuites>
<testsuite name="long-press-pointer" errors="0" tests="3" failures="0" time="4.038" timestamp="2022-04-22T14:06:08">
  <testcase classname="long-press-pointer" name="should fire long-press event after default 1.5s" time="1.821"></testcase>
  <testcase classname="long-press-pointer" name="should fire long-press event using data-long-press-delay" time="0.39"></testcase>
  <testcase classname="long-press-pointer" name="should fire with correct clientX and clientY" time="1.826"></testcase>
</testsuite>
</testsuites>